UnityProject/androidBuild/unityLibrary/build/intermediates/manifest_merge_blame_file/debug/manifest-merger-blame-debug-report.txt
1<?xml version="1.0" encoding="utf-8"?>
2<manifest xmlns:android="http://schemas.android.com/apk/res/android"
3    xmlns:tools="http://schemas.android.com/tools"
4    package="com.unity3d.player" >
5
6    <uses-sdk
7        android:minSdkVersion="27"
7-->src\main\AndroidManifest.xml
8        android:targetSdkVersion="33" />
8-->src\main\AndroidManifest.xml
9
10    <uses-feature android:glEsVersion="0x00030000" />
10-->src\main\AndroidManifest.xml:21:3-52
10-->src\main\AndroidManifest.xml:21:17-49
11
12    <uses-permission android:name="android.permission.INTERNET" />
12-->src\main\AndroidManifest.xml:22:3-65
12-->src\main\AndroidManifest.xml:22:20-62
13
14    <uses-feature
14-->src\main\AndroidManifest.xml:23:3-88
15        android:name="android.hardware.touchscreen"
15-->src\main\AndroidManifest.xml:23:17-60
16        android:required="false" />
16-->src\main\AndroidManifest.xml:23:61-85
17    <uses-feature
17-->src\main\AndroidManifest.xml:24:3-99
18        android:name="android.hardware.touchscreen.multitouch"
18-->src\main\AndroidManifest.xml:24:17-71
19        android:required="false" />
19-->src\main\AndroidManifest.xml:24:72-96
20    <uses-feature
20-->src\main\AndroidManifest.xml:25:3-108
21        android:name="android.hardware.touchscreen.multitouch.distinct"
21-->src\main\AndroidManifest.xml:25:17-80
22        android:required="false" />
22-->src\main\AndroidManifest.xml:25:81-105
23
24    <uses-permission android:name="android.permission.CAMERA" />
24-->src\main\AndroidManifest.xml:26:3-63
24-->src\main\AndroidManifest.xml:26:20-60
25
26    <uses-feature
26-->src\main\AndroidManifest.xml:27:3-85
27        android:name="android.hardware.camera.ar"
27-->src\main\AndroidManifest.xml:27:17-58
28        android:required="true" />
28-->src\main\AndroidManifest.xml:27:59-82
29    <uses-feature
29-->src\main\AndroidManifest.xml:28:3-83
30        android:name="com.google.ar.core.depth"
30-->src\main\AndroidManifest.xml:28:17-56
31        android:required="true" />
31-->src\main\AndroidManifest.xml:28:57-80
32
33    <application android:extractNativeLibs="true" >
33-->src\main\AndroidManifest.xml:3:3-20:17
33-->src\main\AndroidManifest.xml:3:16-48
34        <activity
34-->src\main\AndroidManifest.xml:4:5-12:16
35            android:name="com.unity3d.player.UnityPlayerActivity"
35-->src\main\AndroidManifest.xml:4:15-68
36            android:configChanges="mcc|mnc|locale|touchscreen|keyboard|keyboardHidden|navigation|orientation|screenLayout|uiMode|screenSize|smallestScreenSize|fontScale|layoutDirection|density"
36-->src\main\AndroidManifest.xml:4:180-361
37            android:exported="true"
37-->src\main\AndroidManifest.xml:5:9-32
38            android:hardwareAccelerated="false"
38-->src\main\AndroidManifest.xml:4:397-432
39            android:launchMode="singleTask"
39-->src\main\AndroidManifest.xml:4:148-179
40            android:resizeableActivity="false"
40-->src\main\AndroidManifest.xml:4:362-396
41            android:screenOrientation="fullUser"
41-->src\main\AndroidManifest.xml:4:111-147
42            android:theme="@style/UnityThemeSelector" >
42-->src\main\AndroidManifest.xml:4:69-110
43            <intent-filter>
43-->src\main\AndroidManifest.xml:6:7-9:23
44                <action android:name="android.intent.action.MAIN" />
44-->src\main\AndroidManifest.xml:7:9-61
44-->src\main\AndroidManifest.xml:7:17-58
45
46                <category android:name="android.intent.category.LAUNCHER" />
46-->src\main\AndroidManifest.xml:8:9-69
46-->src\main\AndroidManifest.xml:8:19-66
47            </intent-filter>
48
49            <meta-data
49-->src\main\AndroidManifest.xml:10:7-82
50                android:name="unityplayer.UnityActivity"
50-->src\main\AndroidManifest.xml:10:18-58
51                android:value="true" />
51-->src\main\AndroidManifest.xml:10:59-79
52            <meta-data
52-->src\main\AndroidManifest.xml:11:7-78
53                android:name="android.notch_support"
53-->src\main\AndroidManifest.xml:11:18-54
54                android:value="true" />
54-->src\main\AndroidManifest.xml:11:55-75
55        </activity>
56
57        <meta-data
57-->src\main\AndroidManifest.xml:13:5-69
58            android:name="unity.splash-mode"
58-->src\main\AndroidManifest.xml:13:16-48
59            android:value="0" />
59-->src\main\AndroidManifest.xml:13:49-66
60        <meta-data
60-->src\main\AndroidManifest.xml:14:5-74
61            android:name="unity.splash-enable"
61-->src\main\AndroidManifest.xml:14:16-50
62            android:value="True" />
62-->src\main\AndroidManifest.xml:14:51-71
63        <meta-data
63-->src\main\AndroidManifest.xml:15:5-78
64            android:name="unity.launch-fullscreen"
64-->src\main\AndroidManifest.xml:15:16-54
65            android:value="True" />
65-->src\main\AndroidManifest.xml:15:55-75
66        <meta-data
66-->src\main\AndroidManifest.xml:16:5-84
67            android:name="unity.allow-resizable-window"
67-->src\main\AndroidManifest.xml:16:16-59
68            android:value="False" />
68-->src\main\AndroidManifest.xml:16:60-81
69        <meta-data
69-->src\main\AndroidManifest.xml:17:5-81
70            android:name="notch.config"
70-->src\main\AndroidManifest.xml:17:16-43
71            android:value="portrait|landscape" />
71-->src\main\AndroidManifest.xml:17:44-78
72        <meta-data
72-->src\main\AndroidManifest.xml:18:5-88
73            android:name="unityplayer.SkipPermissionsDialog"
73-->src\main\AndroidManifest.xml:18:16-64
74            android:value="true" />
74-->src\main\AndroidManifest.xml:18:65-85
75        <meta-data
75-->src\main\AndroidManifest.xml:19:5-77
76            android:name="com.google.ar.core"
76-->src\main\AndroidManifest.xml:19:16-49
77            android:value="required" />
77-->src\main\AndroidManifest.xml:19:50-74
78    </application>
79
80</manifest>